# JRE version: Java(TM) SE Runtime Environment (8.0_121-b13) (build 1.8.0_121-b13)
# Java VM: Java HotSpot(TM) 64-Bit Server VM (25.121-b13 mixed mode linux-amd64 compressed oops)
Heap:
 PSYoungGen      total 204288K, used 182887K [0x00000000f0000000, 0x00000000ff980000, 0x0000000100000000)
  eden space 161280K, 98% used [0x00000000f0000000,0x00000000f9bc6c18,0x00000000f9d80000)
  from space 43008K, 54% used [0x00000000fcf80000,0x00000000fe6531c8,0x00000000ff980000)
  to   space 47104K, 0% used [0x00000000f9d80000,0x00000000f9d80000,0x00000000fcb80000)
 ParOldGen       total 206336K, used 113263K [0x00000000d0000000, 0x00000000dc980000, 0x00000000f0000000)
  object space 206336K, 54% used [0x00000000d0000000,0x00000000d6e9be40,0x00000000dc980000)
 Metaspace       used 73013K, capacity 75600K, committed 75736K, reserved 1116160K
  class space    used 8430K, capacity 9206K, committed 9216K, reserved 1048576K
GC Heap History (10 events):
Event: 20.254 GC heap before
{Heap before GC invocations=47 (full 5):
 PSYoungGen      total 226304K, used 217615K [0x00000000f0000000, 0x0000000100000000, 0x0000000100000000)
  eden space 195584K, 95% used [0x00000000f0000000,0x00000000fb6da950,0x00000000fbf00000)
  from space 30720K, 98% used [0x00000000fbf00000,0x00000000fdca9618,0x00000000fdd00000)
  to   space 35840K, 0% used [0x00000000fdd00000,0x00000000fdd00000,0x0000000100000000)
 ParOldGen       total 206336K, used 85219K [0x00000000d0000000, 0x00000000dc980000, 0x00000000f0000000)
  object space 206336K, 41% used [0x00000000d0000000,0x00000000d5338f10,0x00000000dc980000)
 Metaspace       used 66380K, capacity 68472K, committed 68824K, reserved 1110016K
  class space    used 7669K, capacity 8345K, committed 8448K, reserved 1048576K
Event: 20.291 GC heap after
Heap after GC invocations=47 (full 5):
 PSYoungGen      total 212992K, used 34370K [0x00000000f0000000, 0x0000000100000000, 0x0000000100000000)
  eden space 177152K, 0% used [0x00000000f0000000,0x00000000f0000000,0x00000000fad00000)
  from space 35840K, 95% used [0x00000000fdd00000,0x00000000ffe90a18,0x0000000100000000)
  to   space 42496K, 0% used [0x00000000fad00000,0x00000000fad00000,0x00000000fd680000)
 ParOldGen       total 206336K, used 85227K [0x00000000d0000000, 0x00000000dc980000, 0x00000000f0000000)
  object space 206336K, 41% used [0x00000000d0000000,0x00000000d533af10,0x00000000dc980000)
 Metaspace       used 66380K, capacity 68472K, committed 68824K, reserved 1110016K
  class space    used 7669K, capacity 8345K, committed 8448K, reserved 1048576K
}
Event: 20.732 GC heap before
{Heap before GC invocations=48 (full 5):
 PSYoungGen      total 212992K, used 205158K [0x00000000f0000000, 0x0000000100000000, 0x0000000100000000)
  eden space 177152K, 96% used [0x00000000f0000000,0x00000000fa6c8fb8,0x00000000fad00000)
  from space 35840K, 95% used [0x00000000fdd00000,0x00000000ffe90a18,0x0000000100000000)
  to   space 42496K, 0% used [0x00000000fad00000,0x00000000fad00000,0x00000000fd680000)
 ParOldGen       total 206336K, used 85227K [0x00000000d0000000, 0x00000000dc980000, 0x00000000f0000000)
  object space 206336K, 41% used [0x00000000d0000000,0x00000000d533af10,0x00000000dc980000)
 Metaspace       used 67804K, capacity 69916K, committed 70232K, reserved 1112064K
  class space    used 7827K, capacity 8471K, committed 8576K, reserved 1048576K
Event: 20.770 GC heap after
Heap after GC invocations=48 (full 5):
 PSYoungGen      total 214016K, used 36824K [0x00000000f0000000, 0x0000000100000000, 0x0000000100000000)
  eden space 177152K, 0% used [0x00000000f0000000,0x00000000f0000000,0x00000000fad00000)
  from space 36864K, 99% used [0x00000000fad00000,0x00000000fd0f63c8,0x00000000fd100000)
  to   space 47104K, 0% used [0x00000000fd200000,0x00000000fd200000,0x0000000100000000)
 ParOldGen       total 206336K, used 85235K [0x00000000d0000000, 0x00000000dc980000, 0x00000000f0000000)
  object space 206336K, 41% used [0x00000000d0000000,0x00000000d533cf10,0x00000000dc980000)
 Metaspace       used 67804K, capacity 69916K, committed 70232K, reserved 1112064K
  class space    used 7827K, capacity 8471K, committed 8576K, reserved 1048576K
}
Event: 21.049 GC heap before
{Heap before GC invocations=49 (full 5):
 PSYoungGen      total 214016K, used 205541K [0x00000000f0000000, 0x0000000100000000, 0x0000000100000000)
  eden space 177152K, 95% used [0x00000000f0000000,0x00000000fa4c30c0,0x00000000fad00000)
  from space 36864K, 99% used [0x00000000fad00000,0x00000000fd0f63c8,0x00000000fd100000)
  to   space 47104K, 0% used [0x00000000fd200000,0x00000000fd200000,0x0000000100000000)
 ParOldGen       total 206336K, used 85235K [0x00000000d0000000, 0x00000000dc980000, 0x00000000f0000000)
  object space 206336K, 41% used [0x00000000d0000000,0x00000000d533cf10,0x00000000dc980000)
 Metaspace       used 68732K, capacity 70830K, committed 71128K, reserved 1112064K
  class space    used 7940K, capacity 8588K, committed 8704K, reserved 1048576K
Event: 21.082 GC heap after
Heap after GC invocations=49 (full 5):
 PSYoungGen      total 205824K, used 38067K [0x00000000f0000000, 0x0000000100000000, 0x0000000100000000)
  eden space 158720K, 0% used [0x00000000f0000000,0x00000000f0000000,0x00000000f9b00000)
  from space 47104K, 80% used [0x00000000fd200000,0x00000000ff72cda8,0x0000000100000000)
  to   space 51712K, 0% used [0x00000000f9b00000,0x00000000f9b00000,0x00000000fcd80000)
 ParOldGen       total 206336K, used 85243K [0x00000000d0000000, 0x00000000dc980000, 0x00000000f0000000)
  object space 206336K, 41% used [0x00000000d0000000,0x00000000d533ef10,0x00000000dc980000)
 Metaspace       used 68732K, capacity 70830K, committed 71128K, reserved 1112064K
  class space    used 7940K, capacity 8588K, committed 8704K, reserved 1048576K
}
Event: 44.231 GC heap before
{Heap before GC invocations=50 (full 5):
 PSYoungGen      total 205824K, used 196787K [0x00000000f0000000, 0x0000000100000000, 0x0000000100000000)
  eden space 158720K, 100% used [0x00000000f0000000,0x00000000f9b00000,0x00000000f9b00000)
  from space 47104K, 80% used [0x00000000fd200000,0x00000000ff72cda8,0x0000000100000000)
  to   space 51712K, 0% used [0x00000000f9b00000,0x00000000f9b00000,0x00000000fcd80000)
 ParOldGen       total 206336K, used 85243K [0x00000000d0000000, 0x00000000dc980000, 0x00000000f0000000)
  object space 206336K, 41% used [0x00000000d0000000,0x00000000d533ef10,0x00000000dc980000)
 Metaspace       used 69781K, capacity 72040K, committed 72280K, reserved 1112064K
  class space    used 8076K, capacity 8749K, committed 8832K, reserved 1048576K
Event: 44.315 GC heap after
Heap after GC invocations=50 (full 5):
 PSYoungGen      total 210432K, used 23165K [0x00000000f0000000, 0x00000000fff80000, 0x0000000100000000)
  eden space 158720K, 0% used [0x00000000f0000000,0x00000000f0000000,0x00000000f9b00000)
  from space 51712K, 44% used [0x00000000f9b00000,0x00000000fb19f520,0x00000000fcd80000)
  to   space 49152K, 0% used [0x00000000fcf80000,0x00000000fcf80000,0x00000000fff80000)
 ParOldGen       total 206336K, used 102247K [0x00000000d0000000, 0x00000000dc980000, 0x00000000f0000000)
  object space 206336K, 49% used [0x00000000d0000000,0x00000000d63d9eb0,0x00000000dc980000)
 Metaspace       used 69781K, capacity 72040K, committed 72280K, reserved 1112064K
  class space    used 8076K, capacity 8749K, committed 8832K, reserved 1048576K
}
Event: 46.223 GC heap before
{Heap before GC invocations=51 (full 5):
 PSYoungGen      total 210432K, used 181885K [0x00000000f0000000, 0x00000000fff80000, 0x0000000100000000)
  eden space 158720K, 100% used [0x00000000f0000000,0x00000000f9b00000,0x00000000f9b00000)
  from space 51712K, 44% used [0x00000000f9b00000,0x00000000fb19f520,0x00000000fcd80000)
  to   space 49152K, 0% used [0x00000000fcf80000,0x00000000fcf80000,0x00000000fff80000)
 ParOldGen       total 206336K, used 102247K [0x00000000d0000000, 0x00000000dc980000, 0x00000000f0000000)
  object space 206336K, 49% used [0x00000000d0000000,0x00000000d63d9eb0,0x00000000dc980000)
 Metaspace       used 71703K, capacity 74066K, committed 74328K, reserved 1114112K
  class space    used 8245K, capacity 8989K, committed 9088K, reserved 1048576K
Event: 46.290 GC heap after
Heap after GC invocations=51 (full 5):
 PSYoungGen      total 204288K, used 23372K [0x00000000f0000000, 0x00000000ff980000, 0x0000000100000000)
  eden space 161280K, 0% used [0x00000000f0000000,0x00000000f0000000,0x00000000f9d80000)
  from space 43008K, 54% used [0x00000000fcf80000,0x00000000fe6531c8,0x00000000ff980000)
  to   space 47104K, 0% used [0x00000000f9d80000,0x00000000f9d80000,0x00000000fcb80000)
 ParOldGen       total 206336K, used 113263K [0x00000000d0000000, 0x00000000dc980000, 0x00000000f0000000)
  object space 206336K, 54% used [0x00000000d0000000,0x00000000d6e9be40,0x00000000dc980000)
 Metaspace       used 71703K, capacity 74066K, committed 74328K, reserved 1114112K
  class space    used 8245K, capacity 8989K, committed 9088K, reserved 1048576K
}

