# JRE version: Java(TM) SE Runtime Environment (8.0_121-b13) (build 1.8.0_121-b13)
# Java VM: Java HotSpot(TM) 64-Bit Server VM (25.121-b13 mixed mode linux-amd64 compressed oops)
Heap:
 PSYoungGen      total 202240K, used 53723K [0x00000000f0000000, 0x00000000ffc00000, 0x0000000100000000)
  eden space 146944K, 16% used [0x00000000f0000000,0x00000000f18236c0,0x00000000f8f80000)
  from space 55296K, 52% used [0x00000000f8f80000,0x00000000fabd3668,0x00000000fc580000)
  to   space 52736K, 0% used [0x00000000fc880000,0x00000000fc880000,0x00000000ffc00000)
 ParOldGen       total 191488K, used 143852K [0x00000000d0000000, 0x00000000dbb00000, 0x00000000f0000000)
  object space 191488K, 75% used [0x00000000d0000000,0x00000000d8c7b208,0x00000000dbb00000)
 Metaspace       used 82910K, capacity 87996K, committed 88064K, reserved 1126400K
  class space    used 9740K, capacity 11225K, committed 11264K, reserved 1048576K
GC Heap History (10 events):
Event: 729.878 GC heap before
{Heap before GC invocations=62 (full 5):
 PSYoungGen      total 205312K, used 193136K [0x00000000f0000000, 0x0000000100000000, 0x0000000100000000)
  eden space 153600K, 100% used [0x00000000f0000000,0x00000000f9600000,0x00000000f9600000)
  from space 51712K, 76% used [0x00000000fcd80000,0x00000000ff41c050,0x0000000100000000)
  to   space 54272K, 0% used [0x00000000f9600000,0x00000000f9600000,0x00000000fcb00000)
 ParOldGen       total 191488K, used 124577K [0x00000000d0000000, 0x00000000dbb00000, 0x00000000f0000000)
  object space 191488K, 65% used [0x00000000d0000000,0x00000000d79a84e0,0x00000000dbb00000)
 Metaspace       used 80808K, capacity 85320K, committed 85504K, reserved 1124352K
  class space    used 9539K, capacity 10972K, committed 11008K, reserved 1048576K
Event: 729.915 GC heap after
Heap after GC invocations=62 (full 5):
 PSYoungGen      total 192512K, used 38521K [0x00000000f0000000, 0x0000000100000000, 0x0000000100000000)
  eden space 153600K, 0% used [0x00000000f0000000,0x00000000f0000000,0x00000000f9600000)
  from space 38912K, 98% used [0x00000000f9600000,0x00000000fbb9e448,0x00000000fbc00000)
  to   space 55808K, 0% used [0x00000000fc980000,0x00000000fc980000,0x0000000100000000)
 ParOldGen       total 191488K, used 127853K [0x00000000d0000000, 0x00000000dbb00000, 0x00000000f0000000)
  object space 191488K, 66% used [0x00000000d0000000,0x00000000d7cdb550,0x00000000dbb00000)
 Metaspace       used 80808K, capacity 85320K, committed 85504K, reserved 1124352K
  class space    used 9539K, capacity 10972K, committed 11008K, reserved 1048576K
}
Event: 796.851 GC heap before
{Heap before GC invocations=63 (full 5):
 PSYoungGen      total 192512K, used 192121K [0x00000000f0000000, 0x0000000100000000, 0x0000000100000000)
  eden space 153600K, 100% used [0x00000000f0000000,0x00000000f9600000,0x00000000f9600000)
  from space 38912K, 98% used [0x00000000f9600000,0x00000000fbb9e448,0x00000000fbc00000)
  to   space 55808K, 0% used [0x00000000fc980000,0x00000000fc980000,0x0000000100000000)
 ParOldGen       total 191488K, used 127853K [0x00000000d0000000, 0x00000000dbb00000, 0x00000000f0000000)
  object space 191488K, 66% used [0x00000000d0000000,0x00000000d7cdb550,0x00000000dbb00000)
 Metaspace       used 81220K, capacity 85968K, committed 86144K, reserved 1124352K
  class space    used 9590K, capacity 11044K, committed 11136K, reserved 1048576K
Event: 796.888 GC heap after
Heap after GC invocations=63 (full 5):
 PSYoungGen      total 206848K, used 33176K [0x00000000f0000000, 0x0000000100000000, 0x0000000100000000)
  eden space 151040K, 0% used [0x00000000f0000000,0x00000000f0000000,0x00000000f9380000)
  from space 55808K, 59% used [0x00000000fc980000,0x00000000fe9e60c0,0x0000000100000000)
  to   space 55296K, 0% used [0x00000000f9380000,0x00000000f9380000,0x00000000fc980000)
 ParOldGen       total 191488K, used 133227K [0x00000000d0000000, 0x00000000dbb00000, 0x00000000f0000000)
  object space 191488K, 69% used [0x00000000d0000000,0x00000000d821ae50,0x00000000dbb00000)
 Metaspace       used 81220K, capacity 85968K, committed 86144K, reserved 1124352K
  class space    used 9590K, capacity 11044K, committed 11136K, reserved 1048576K
}
Event: 850.446 GC heap before
{Heap before GC invocations=64 (full 5):
 PSYoungGen      total 206848K, used 184216K [0x00000000f0000000, 0x0000000100000000, 0x0000000100000000)
  eden space 151040K, 100% used [0x00000000f0000000,0x00000000f9380000,0x00000000f9380000)
  from space 55808K, 59% used [0x00000000fc980000,0x00000000fe9e60c0,0x0000000100000000)
  to   space 55296K, 0% used [0x00000000f9380000,0x00000000f9380000,0x00000000fc980000)
 ParOldGen       total 191488K, used 133227K [0x00000000d0000000, 0x00000000dbb00000, 0x00000000f0000000)
  object space 191488K, 69% used [0x00000000d0000000,0x00000000d821ae50,0x00000000dbb00000)
 Metaspace       used 82110K, capacity 86934K, committed 87296K, reserved 1126400K
  class space    used 9674K, capacity 11143K, committed 11264K, reserved 1048576K
Event: 850.490 GC heap after
Heap after GC invocations=64 (full 5):
 PSYoungGen      total 206336K, used 35844K [0x00000000f0000000, 0x00000000fff80000, 0x0000000100000000)
  eden space 151040K, 0% used [0x00000000f0000000,0x00000000f0000000,0x00000000f9380000)
  from space 55296K, 64% used [0x00000000f9380000,0x00000000fb6813b8,0x00000000fc980000)
  to   space 55296K, 0% used [0x00000000fc980000,0x00000000fc980000,0x00000000fff80000)
 ParOldGen       total 191488K, used 134771K [0x00000000d0000000, 0x00000000dbb00000, 0x00000000f0000000)
  object space 191488K, 70% used [0x00000000d0000000,0x00000000d839ce60,0x00000000dbb00000)
 Metaspace       used 82110K, capacity 86934K, committed 87296K, reserved 1126400K
  class space    used 9674K, capacity 11143K, committed 11264K, reserved 1048576K
}
Event: 960.155 GC heap before
{Heap before GC invocations=65 (full 5):
 PSYoungGen      total 206336K, used 186884K [0x00000000f0000000, 0x00000000fff80000, 0x0000000100000000)
  eden space 151040K, 100% used [0x00000000f0000000,0x00000000f9380000,0x00000000f9380000)
  from space 55296K, 64% used [0x00000000f9380000,0x00000000fb6813b8,0x00000000fc980000)
  to   space 55296K, 0% used [0x00000000fc980000,0x00000000fc980000,0x00000000fff80000)
 ParOldGen       total 191488K, used 134771K [0x00000000d0000000, 0x00000000dbb00000, 0x00000000f0000000)
  object space 191488K, 70% used [0x00000000d0000000,0x00000000d839ce60,0x00000000dbb00000)
 Metaspace       used 82599K, capacity 87624K, committed 87808K, reserved 1126400K
  class space    used 9709K, capacity 11211K, committed 11264K, reserved 1048576K
Event: 960.222 GC heap after
Heap after GC invocations=65 (full 5):
 PSYoungGen      total 198144K, used 35649K [0x00000000f0000000, 0x00000000ffb80000, 0x0000000100000000)
  eden space 146944K, 0% used [0x00000000f0000000,0x00000000f0000000,0x00000000f8f80000)
  from space 51200K, 69% used [0x00000000fc980000,0x00000000fec50718,0x00000000ffb80000)
  to   space 55296K, 0% used [0x00000000f8f80000,0x00000000f8f80000,0x00000000fc580000)
 ParOldGen       total 191488K, used 136127K [0x00000000d0000000, 0x00000000dbb00000, 0x00000000f0000000)
  object space 191488K, 71% used [0x00000000d0000000,0x00000000d84efeb0,0x00000000dbb00000)
 Metaspace       used 82599K, capacity 87624K, committed 87808K, reserved 1126400K
  class space    used 9709K, capacity 11211K, committed 11264K, reserved 1048576K
}
Event: 964.513 GC heap before
{Heap before GC invocations=66 (full 5):
 PSYoungGen      total 198144K, used 182593K [0x00000000f0000000, 0x00000000ffb80000, 0x0000000100000000)
  eden space 146944K, 100% used [0x00000000f0000000,0x00000000f8f80000,0x00000000f8f80000)
  from space 51200K, 69% used [0x00000000fc980000,0x00000000fec50718,0x00000000ffb80000)
  to   space 55296K, 0% used [0x00000000f8f80000,0x00000000f8f80000,0x00000000fc580000)
 ParOldGen       total 191488K, used 136127K [0x00000000d0000000, 0x00000000dbb00000, 0x00000000f0000000)
  object space 191488K, 71% used [0x00000000d0000000,0x00000000d84efeb0,0x00000000dbb00000)
 Metaspace       used 82878K, capacity 87862K, committed 88064K, reserved 1126400K
  class space    used 9738K, capacity 11223K, committed 11264K, reserved 1048576K
Event: 964.561 GC heap after
Heap after GC invocations=66 (full 5):
 PSYoungGen      total 202240K, used 29005K [0x00000000f0000000, 0x00000000ffc00000, 0x0000000100000000)
  eden space 146944K, 0% used [0x00000000f0000000,0x00000000f0000000,0x00000000f8f80000)
  from space 55296K, 52% used [0x00000000f8f80000,0x00000000fabd3668,0x00000000fc580000)
  to   space 52736K, 0% used [0x00000000fc880000,0x00000000fc880000,0x00000000ffc00000)
 ParOldGen       total 191488K, used 143852K [0x00000000d0000000, 0x00000000dbb00000, 0x00000000f0000000)
  object space 191488K, 75% used [0x00000000d0000000,0x00000000d8c7b208,0x00000000dbb00000)
 Metaspace       used 82878K, capacity 87862K, committed 88064K, reserved 1126400K
  class space    used 9738K, capacity 11223K, committed 11264K, reserved 1048576K
}

